<?xml version="1.0" encoding="UTF-8"?>
<!-- Generated by org.testng.reporters.JUnitXMLReporter -->
<testsuite ignored="0" hostname="DESKTOP-8EVVOI4" failures="1" tests="5" name="ChromeTest" time="576.2" errors="0" timestamp="2022-08-06T21:28:52 IST">
  <testcase classname="com.saucedemo.testClass.TC004_VerifyMultiProduct" name="Multiproduct" time="0.017">
    <failure type="java.lang.NullPointerException" message="Cannot invoke &amp;quot;Object.getClass()&amp;quot; because &amp;quot;page&amp;quot; is null">
      <![CDATA[java.lang.NullPointerException: Cannot invoke "Object.getClass()" because "page" is null
at org.openqa.selenium.support.PageFactory.initElements(PageFactory.java:103)
at org.openqa.selenium.support.PageFactory.initElements(PageFactory.java:92)
at org.openqa.selenium.support.PageFactory.initElements(PageFactory.java:79)
at com.saucedemo.pomClass.MultipleAddToCart.<init>(MultipleAddToCart.java:35)
at com.saucedemo.testClass.TC004_VerifyMultiProduct.Multiproduct(TC004_VerifyMultiProduct.java:44)
at java.base/java.util.ArrayList.forEach(ArrayList.java:1511)
... Removed 27 stack frames]]>
    </failure>
  </testcase> <!-- Multiproduct -->
  <testcase classname="com.saucedemo.testClass.TC002_VerifyLogoutFunctaionality" name="logoutfunctaionality" time="0.988"/>
  <testcase classname="com.saucedemo.testClass.TC003_VerifyAddtocartFunctionality" name="AddtoCart" time="1.973"/>
  <testcase classname="com.saucedemo.testClass.TC001_VerifyLoginFunctionality" name="loginfunctaionality" time="0.003"/>
  <testcase classname="com.saucedemo.testClass.TC006_VerifyBillingAndOrderFunctionality" name="BillingAndOrderFunctionality" time="5.113"/>
</testsuite> <!-- ChromeTest -->
